<?xml version="1.0" encoding="UTF-8"?>
<!-- Generated by org.testng.reporters.JUnitXMLReporter -->
<testsuite hostname="Pavlos-MacBook-Air.local" ignored="0" name="Command line test" tests="12" failures="1" timestamp="17 Jan 2017 00:45:44 GMT" time="123.07" errors="0">
  <testcase name="Login" time="27.199" classname="com.kofile.search.psSmokeTest"/>
  <testcase name="RealPropertySearch" time="9.455" classname="com.kofile.search.psSmokeTest"/>
  <testcase name="MarriageSearch" time="5.749" classname="com.kofile.search.psSmokeTest"/>
  <testcase name="CattleBrandsSearch" time="5.055" classname="com.kofile.search.psSmokeTest"/>
  <testcase name="FinancingStatementsSearch" time="5.036" classname="com.kofile.search.psSmokeTest"/>
  <testcase name="PlatsSearch" time="4.973" classname="com.kofile.search.psSmokeTest"/>
  <testcase name="ForeclosureSearch" time="5.52" classname="com.kofile.search.psSmokeTest"/>
  <testcase name="AddDocumentToCart" time="13.464" classname="com.kofile.search.psSmokeTest">
    <failure type="com.codeborne.selenide.ex.ElementNotFound" message="Element not found {#results-table span}
Expected: exist">
      <![CDATA[Element not found {#results-table span}
Expected: exist
Screenshot: file:/Users/pavloberdnyk/IdeaProjects/PSsmokeTestsSimple/build/reports/tests/1484613897890.0.png
Timeout: 10 s.
Caused by: NoSuchElementException: Unable to locate element: {"method":"css selector","selector":"#results-table span"}
	at com.codeborne.selenide.impl.WebElementSource.createElementNotFoundError(WebElementSource.java:31)
	at com.codeborne.selenide.impl.ElementFinder.createElementNotFoundError(ElementFinder.java:82)
	at com.codeborne.selenide.impl.WebElementSource.checkCondition(WebElementSource.java:59)
	at com.codeborne.selenide.commands.Should.should(Should.java:35)
	at com.codeborne.selenide.commands.Should.execute(Should.java:29)
	at com.codeborne.selenide.commands.Should.execute(Should.java:12)
	at com.codeborne.selenide.commands.Commands.execute(Commands.java:140)
	at com.codeborne.selenide.impl.SelenideElementProxy.dispatchAndRetry(SelenideElementProxy.java:86)
	at com.codeborne.selenide.impl.SelenideElementProxy.invoke(SelenideElementProxy.java:62)
	at com.sun.proxy.$Proxy2.waitUntil(Unknown Source)
	at com.kofile.search.psSmokeTest.AddDocumentToCart(psSmokeTest.java:102)
Caused by: org.openqa.selenium.NoSuchElementException: Unable to locate element: {"method":"css selector","selector":"#results-table span"}
Command duration or timeout: 12 milliseconds
For documentation on this error, please visit: http://seleniumhq.org/exceptions/no_such_element.html
Build info: version: '3.0.1', revision: '1969d75', time: '2016-10-18 09:49:13 -0700'
System info: host: 'Pavlos-MacBook-Air.local', ip: '192.168.1.3', os.name: 'Mac OS X', os.arch: 'x86_64', os.version: '10.12.2', java.version: '1.8.0_111'
Driver info: org.openqa.selenium.firefox.FirefoxDriver
Capabilities [{applicationCacheEnabled=true, rotatable=false, pageLoadStrategy=normal, handlesAlerts=true, databaseEnabled=true, version=46.0, platform=MAC, nativeEvents=false, acceptSslCerts=true, webStorageEnabled=true, locationContextEnabled=true, browserName=firefox, takesScreenshot=true, javascriptEnabled=true, pageLoadingStrategy=normal, cssSelectorsEnabled=true}]
Session ID: 64e3b2f0-378a-e948-b651-088f3d88a25c
*** Element info: {Using=css selector, value=#results-table span}
	at org.openqa.selenium.remote.ErrorHandler.createThrowable(ErrorHandler.java:216)
	at org.openqa.selenium.remote.ErrorHandler.throwIfResponseFailed(ErrorHandler.java:168)
	at org.openqa.selenium.remote.RemoteWebDriver.execute(RemoteWebDriver.java:635)
	at org.openqa.selenium.remote.RemoteWebDriver.findElement(RemoteWebDriver.java:368)
	at org.openqa.selenium.remote.RemoteWebDriver.findElementByCssSelector(RemoteWebDriver.java:465)
	at org.openqa.selenium.By$ByCssSelector.findElement(By.java:430)
	at org.openqa.selenium.remote.RemoteWebDriver.findElement(RemoteWebDriver.java:360)
	at com.codeborne.selenide.impl.WebElementSelector.findElement(WebElementSelector.java:28)
	at com.codeborne.selenide.impl.ElementFinder.getWebElement(ElementFinder.java:56)
	at com.codeborne.selenide.impl.WebElementSource.checkCondition(WebElementSource.java:44)
	... 42 more
Caused by: org.openqa.selenium.NoSuchElementException: Unable to locate element: {"method":"css selector","selector":"#results-table span"}
For documentation on this error, please visit: http://seleniumhq.org/exceptions/no_such_element.html
Build info: version: '3.0.1', revision: '1969d75', time: '2016-10-18 09:49:13 -0700'
System info: host: 'Pavlos-MacBook-Air.local', ip: '192.168.1.3', os.name: 'Mac OS X', os.arch: 'x86_64', os.version: '10.12.2', java.version: '1.8.0_111'
Driver info: driver.version: unknown
	at <anonymous class>.FirefoxDriver.prototype.findElementInternal_(file:///var/folders/bf/8fk4zrzn1zq1gh6zhtp9c4_r0000gn/T/anonymous4385556750404354996webdriver-profile/extensions/fxdriver@googlecode.com/components/driver-component.js:11187)
	at <anonymous class>.FirefoxDriver.prototype.findElement(file:///var/folders/bf/8fk4zrzn1zq1gh6zhtp9c4_r0000gn/T/anonymous4385556750404354996webdriver-profile/extensions/fxdriver@googlecode.com/components/driver-component.js:11196)
	at <anonymous class>.DelayedCommand.prototype.executeInternal_/h(file:///var/folders/bf/8fk4zrzn1zq1gh6zhtp9c4_r0000gn/T/anonymous4385556750404354996webdriver-profile/extensions/fxdriver@googlecode.com/components/command-processor.js:12705)
	at <anonymous class>.DelayedCommand.prototype.executeInternal_(file:///var/folders/bf/8fk4zrzn1zq1gh6zhtp9c4_r0000gn/T/anonymous4385556750404354996webdriver-profile/extensions/fxdriver@googlecode.com/components/command-processor.js:12710)
	at <anonymous class>.DelayedCommand.prototype.execute/<(file:///var/folders/bf/8fk4zrzn1zq1gh6zhtp9c4_r0000gn/T/anonymous4385556750404354996webdriver-profile/extensions/fxdriver@googlecode.com/components/command-processor.js:12652)
... Removed 37 stack frames]]>
    </failure>
  </testcase> <!-- AddDocumentToCart -->
  <testcase name="CheckPreviewPopup" time="12.19" classname="com.kofile.search.psSmokeTest"/>
  <testcase name="DownloadDocument" time="17.073" classname="com.kofile.search.psSmokeTest"/>
  <testcase name="EmailDocument" time="14.587" classname="com.kofile.search.psSmokeTest"/>
  <testcase name="Logout" time="2.69" classname="com.kofile.search.psSmokeTest"/>
</testsuite> <!-- Command line test -->
