<!DOCTYPE html PUBLIC "-//W3C//DTD XHTML 1.1//EN" "http://www.w3.org/TR/xhtml11/DTD/xhtml11.dtd">
<html xmlns="http://www.w3.org/1999/xhtml"><head><title>TestNG Report</title><style type="text/css">table {margin-bottom:10px;border-collapse:collapse;empty-cells:show}th,td {border:1px solid #009;padding:.25em .5em}th {vertical-align:bottom}td {vertical-align:top}table a {font-weight:bold}.stripe td {background-color: #E6EBF9}.num {text-align:right}.passedodd td {background-color: #3F3}.passedeven td {background-color: #0A0}.skippedodd td {background-color: #DDD}.skippedeven td {background-color: #CCC}.failedodd td,.attn {background-color: #F33}.failedeven td,.stripe .attn {background-color: #D00}.stacktrace {white-space:pre;font-family:monospace}.totop {font-size:85%;text-align:center;border-bottom:2px solid #000}</style></head><body><table><tr><th>Test</th><th># Passed</th><th># Skipped</th><th># Failed</th><th>Time (ms)</th><th>Included Groups</th><th>Excluded Groups</th></tr><tr><th colspan="7">com.kofile.search.psSmokeTest</th></tr><tr><td><a href="#t0">Command line test</a></td><td class="num">11</td><td class="num">0</td><td class="num attn">1</td><td class="num">123,070</td><td></td><td></td></tr></table><table><thead><tr><th>Class</th><th>Method</th><th>Start</th><th>Time (ms)</th></tr></thead><tbody><tr><th colspan="4">com.kofile.search.psSmokeTest</th></tr></tbody><tbody id="t0"><tr><th colspan="4">Command line test &#8212; failed</th></tr><tr class="failedeven"><td rowspan="1">com.kofile.search.psSmokeTest</td><td><a href="#m0">AddDocumentToCart</a></td><td rowspan="1">1484613884740</td><td rowspan="1">13464</td></tr><tr><th colspan="4">Command line test &#8212; passed</th></tr><tr class="passedeven"><td rowspan="11">com.kofile.search.psSmokeTest</td><td><a href="#m1">CattleBrandsSearch</a></td><td rowspan="1">1484613864152</td><td rowspan="1">5055</td></tr><tr class="passedeven"><td><a href="#m2">CheckPreviewPopup</a></td><td rowspan="1">1484613898216</td><td rowspan="1">12190</td></tr><tr class="passedeven"><td><a href="#m3">DownloadDocument</a></td><td rowspan="1">1484613910407</td><td rowspan="1">17073</td></tr><tr class="passedeven"><td><a href="#m4">EmailDocument</a></td><td rowspan="1">1484613927486</td><td rowspan="1">14587</td></tr><tr class="passedeven"><td><a href="#m5">FinancingStatementsSearch</a></td><td rowspan="1">1484613869208</td><td rowspan="1">5036</td></tr><tr class="passedeven"><td><a href="#m6">ForeclosureSearch</a></td><td rowspan="1">1484613879219</td><td rowspan="1">5520</td></tr><tr class="passedeven"><td><a href="#m7">Login</a></td><td rowspan="1">1484613821744</td><td rowspan="1">27199</td></tr><tr class="passedeven"><td><a href="#m8">Logout</a></td><td rowspan="1">1484613942074</td><td rowspan="1">2690</td></tr><tr class="passedeven"><td><a href="#m9">MarriageSearch</a></td><td rowspan="1">1484613858402</td><td rowspan="1">5749</td></tr><tr class="passedeven"><td><a href="#m10">PlatsSearch</a></td><td rowspan="1">1484613874245</td><td rowspan="1">4973</td></tr><tr class="passedeven"><td><a href="#m11">RealPropertySearch</a></td><td rowspan="1">1484613848946</td><td rowspan="1">9455</td></tr></tbody></table><h2>Command line test</h2><h3 id="m0">com.kofile.search.psSmokeTest#AddDocumentToCart</h3><table class="result"><tr><th>Exception</th></tr><tr><td><div class="stacktrace">Element not found {#results-table span}
Expected: exist
Screenshot: file:/Users/pavloberdnyk/IdeaProjects/PSsmokeTestsSimple/build/reports/tests/1484613897890.0.png
Timeout: 10 s.
Caused by: NoSuchElementException: Unable to locate element: {&quot;method&quot;:&quot;css selector&quot;,&quot;selector&quot;:&quot;#results-table span&quot;}
	at com.codeborne.selenide.impl.WebElementSource.createElementNotFoundError(WebElementSource.java:31)
	at com.codeborne.selenide.impl.ElementFinder.createElementNotFoundError(ElementFinder.java:82)
	at com.codeborne.selenide.impl.WebElementSource.checkCondition(WebElementSource.java:59)
	at com.codeborne.selenide.commands.Should.should(Should.java:35)
	at com.codeborne.selenide.commands.Should.execute(Should.java:29)
	at com.codeborne.selenide.commands.Should.execute(Should.java:12)
	at com.codeborne.selenide.commands.Commands.execute(Commands.java:140)
	at com.codeborne.selenide.impl.SelenideElementProxy.dispatchAndRetry(SelenideElementProxy.java:86)
	at com.codeborne.selenide.impl.SelenideElementProxy.invoke(SelenideElementProxy.java:62)
	at com.sun.proxy.$Proxy2.waitUntil(Unknown Source)
	at com.kofile.search.psSmokeTest.AddDocumentToCart(psSmokeTest.java:102)
Caused by: org.openqa.selenium.NoSuchElementException: Unable to locate element: {&quot;method&quot;:&quot;css selector&quot;,&quot;selector&quot;:&quot;#results-table span&quot;}
Command duration or timeout: 12 milliseconds
For documentation on this error, please visit: http://seleniumhq.org/exceptions/no_such_element.html
Build info: version: &apos;3.0.1&apos;, revision: &apos;1969d75&apos;, time: &apos;2016-10-18 09:49:13 -0700&apos;
System info: host: &apos;Pavlos-MacBook-Air.local&apos;, ip: &apos;192.168.1.3&apos;, os.name: &apos;Mac OS X&apos;, os.arch: &apos;x86_64&apos;, os.version: &apos;10.12.2&apos;, java.version: &apos;1.8.0_111&apos;
Driver info: org.openqa.selenium.firefox.FirefoxDriver
Capabilities [{applicationCacheEnabled=true, rotatable=false, pageLoadStrategy=normal, handlesAlerts=true, databaseEnabled=true, version=46.0, platform=MAC, nativeEvents=false, acceptSslCerts=true, webStorageEnabled=true, locationContextEnabled=true, browserName=firefox, takesScreenshot=true, javascriptEnabled=true, pageLoadingStrategy=normal, cssSelectorsEnabled=true}]
Session ID: 64e3b2f0-378a-e948-b651-088f3d88a25c
*** Element info: {Using=css selector, value=#results-table span}
	at org.openqa.selenium.remote.ErrorHandler.createThrowable(ErrorHandler.java:216)
	at org.openqa.selenium.remote.ErrorHandler.throwIfResponseFailed(ErrorHandler.java:168)
	at org.openqa.selenium.remote.RemoteWebDriver.execute(RemoteWebDriver.java:635)
	at org.openqa.selenium.remote.RemoteWebDriver.findElement(RemoteWebDriver.java:368)
	at org.openqa.selenium.remote.RemoteWebDriver.findElementByCssSelector(RemoteWebDriver.java:465)
	at org.openqa.selenium.By$ByCssSelector.findElement(By.java:430)
	at org.openqa.selenium.remote.RemoteWebDriver.findElement(RemoteWebDriver.java:360)
	at com.codeborne.selenide.impl.WebElementSelector.findElement(WebElementSelector.java:28)
	at com.codeborne.selenide.impl.ElementFinder.getWebElement(ElementFinder.java:56)
	at com.codeborne.selenide.impl.WebElementSource.checkCondition(WebElementSource.java:44)
	... 42 more
Caused by: org.openqa.selenium.NoSuchElementException: Unable to locate element: {&quot;method&quot;:&quot;css selector&quot;,&quot;selector&quot;:&quot;#results-table span&quot;}
For documentation on this error, please visit: http://seleniumhq.org/exceptions/no_such_element.html
Build info: version: &apos;3.0.1&apos;, revision: &apos;1969d75&apos;, time: &apos;2016-10-18 09:49:13 -0700&apos;
System info: host: &apos;Pavlos-MacBook-Air.local&apos;, ip: &apos;192.168.1.3&apos;, os.name: &apos;Mac OS X&apos;, os.arch: &apos;x86_64&apos;, os.version: &apos;10.12.2&apos;, java.version: &apos;1.8.0_111&apos;
Driver info: driver.version: unknown
	at &lt;anonymous class&gt;.FirefoxDriver.prototype.findElementInternal_(file:///var/folders/bf/8fk4zrzn1zq1gh6zhtp9c4_r0000gn/T/anonymous4385556750404354996webdriver-profile/extensions/fxdriver@googlecode.com/components/driver-component.js:11187)
	at &lt;anonymous class&gt;.FirefoxDriver.prototype.findElement(file:///var/folders/bf/8fk4zrzn1zq1gh6zhtp9c4_r0000gn/T/anonymous4385556750404354996webdriver-profile/extensions/fxdriver@googlecode.com/components/driver-component.js:11196)
	at &lt;anonymous class&gt;.DelayedCommand.prototype.executeInternal_/h(file:///var/folders/bf/8fk4zrzn1zq1gh6zhtp9c4_r0000gn/T/anonymous4385556750404354996webdriver-profile/extensions/fxdriver@googlecode.com/components/command-processor.js:12705)
	at &lt;anonymous class&gt;.DelayedCommand.prototype.executeInternal_(file:///var/folders/bf/8fk4zrzn1zq1gh6zhtp9c4_r0000gn/T/anonymous4385556750404354996webdriver-profile/extensions/fxdriver@googlecode.com/components/command-processor.js:12710)
	at &lt;anonymous class&gt;.DelayedCommand.prototype.execute/&lt;(file:///var/folders/bf/8fk4zrzn1zq1gh6zhtp9c4_r0000gn/T/anonymous4385556750404354996webdriver-profile/extensions/fxdriver@googlecode.com/components/command-processor.js:12652)
... Removed 37 stack frames</div></td></tr></table><p class="totop"><a href="#summary">back to summary</a></p><h3 id="m1">com.kofile.search.psSmokeTest#CattleBrandsSearch</h3><table class="result"></table><p class="totop"><a href="#summary">back to summary</a></p><h3 id="m2">com.kofile.search.psSmokeTest#CheckPreviewPopup</h3><table class="result"></table><p class="totop"><a href="#summary">back to summary</a></p><h3 id="m3">com.kofile.search.psSmokeTest#DownloadDocument</h3><table class="result"></table><p class="totop"><a href="#summary">back to summary</a></p><h3 id="m4">com.kofile.search.psSmokeTest#EmailDocument</h3><table class="result"></table><p class="totop"><a href="#summary">back to summary</a></p><h3 id="m5">com.kofile.search.psSmokeTest#FinancingStatementsSearch</h3><table class="result"></table><p class="totop"><a href="#summary">back to summary</a></p><h3 id="m6">com.kofile.search.psSmokeTest#ForeclosureSearch</h3><table class="result"></table><p class="totop"><a href="#summary">back to summary</a></p><h3 id="m7">com.kofile.search.psSmokeTest#Login</h3><table class="result"></table><p class="totop"><a href="#summary">back to summary</a></p><h3 id="m8">com.kofile.search.psSmokeTest#Logout</h3><table class="result"></table><p class="totop"><a href="#summary">back to summary</a></p><h3 id="m9">com.kofile.search.psSmokeTest#MarriageSearch</h3><table class="result"></table><p class="totop"><a href="#summary">back to summary</a></p><h3 id="m10">com.kofile.search.psSmokeTest#PlatsSearch</h3><table class="result"></table><p class="totop"><a href="#summary">back to summary</a></p><h3 id="m11">com.kofile.search.psSmokeTest#RealPropertySearch</h3><table class="result"></table><p class="totop"><a href="#summary">back to summary</a></p></body></html>