<?xml version="1.0" encoding="UTF-8"?>
<testng-results skipped="0" failed="1" ignored="0" total="12" passed="11">
  <reporter-output>
  </reporter-output>
  <suite name="com.kofile.search.psSmokeTest" duration-ms="123070" started-at="2017-01-17T00:43:41Z" finished-at="2017-01-17T00:45:44Z">
    <groups>
    </groups>
    <test name="Command line test" duration-ms="123070" started-at="2017-01-17T00:43:41Z" finished-at="2017-01-17T00:45:44Z">
      <class name="com.kofile.search.psSmokeTest">
        <test-method status="PASS" signature="Login()[pri:1, instance:com.kofile.search.psSmokeTest@64616ca2]" name="Login" duration-ms="27199" started-at="2017-01-17T02:43:41Z" finished-at="2017-01-17T02:44:08Z">
          <reporter-output>
          </reporter-output>
        </test-method> <!-- Login -->
        <test-method status="PASS" signature="RealPropertySearch()[pri:2, instance:com.kofile.search.psSmokeTest@64616ca2]" name="RealPropertySearch" duration-ms="9455" started-at="2017-01-17T02:44:08Z" finished-at="2017-01-17T02:44:18Z">
          <reporter-output>
          </reporter-output>
        </test-method> <!-- RealPropertySearch -->
        <test-method status="PASS" signature="MarriageSearch()[pri:3, instance:com.kofile.search.psSmokeTest@64616ca2]" name="MarriageSearch" duration-ms="5749" started-at="2017-01-17T02:44:18Z" finished-at="2017-01-17T02:44:24Z">
          <reporter-output>
          </reporter-output>
        </test-method> <!-- MarriageSearch -->
        <test-method status="PASS" signature="CattleBrandsSearch()[pri:4, instance:com.kofile.search.psSmokeTest@64616ca2]" name="CattleBrandsSearch" duration-ms="5055" started-at="2017-01-17T02:44:24Z" finished-at="2017-01-17T02:44:29Z">
          <reporter-output>
          </reporter-output>
        </test-method> <!-- CattleBrandsSearch -->
        <test-method status="PASS" signature="FinancingStatementsSearch()[pri:5, instance:com.kofile.search.psSmokeTest@64616ca2]" name="FinancingStatementsSearch" duration-ms="5036" started-at="2017-01-17T02:44:29Z" finished-at="2017-01-17T02:44:34Z">
          <reporter-output>
          </reporter-output>
        </test-method> <!-- FinancingStatementsSearch -->
        <test-method status="PASS" signature="PlatsSearch()[pri:6, instance:com.kofile.search.psSmokeTest@64616ca2]" name="PlatsSearch" duration-ms="4973" started-at="2017-01-17T02:44:34Z" finished-at="2017-01-17T02:44:39Z">
          <reporter-output>
          </reporter-output>
        </test-method> <!-- PlatsSearch -->
        <test-method status="PASS" signature="ForeclosureSearch()[pri:7, instance:com.kofile.search.psSmokeTest@64616ca2]" name="ForeclosureSearch" duration-ms="5520" started-at="2017-01-17T02:44:39Z" finished-at="2017-01-17T02:44:44Z">
          <reporter-output>
          </reporter-output>
        </test-method> <!-- ForeclosureSearch -->
        <test-method status="FAIL" signature="AddDocumentToCart()[pri:8, instance:com.kofile.search.psSmokeTest@64616ca2]" name="AddDocumentToCart" duration-ms="13464" started-at="2017-01-17T02:44:44Z" finished-at="2017-01-17T02:44:58Z">
          <exception class="com.codeborne.selenide.ex.ElementNotFound">
            <message>
              <![CDATA[Element not found {#results-table span}
Expected: exist]]>
            </message>
            <full-stacktrace>
              <![CDATA[Element not found {#results-table span}
Expected: exist
Screenshot: file:/Users/pavloberdnyk/IdeaProjects/PSsmokeTestsSimple/build/reports/tests/1484613897890.0.png
Timeout: 10 s.
Caused by: NoSuchElementException: Unable to locate element: {"method":"css selector","selector":"#results-table span"}
	at com.codeborne.selenide.impl.WebElementSource.createElementNotFoundError(WebElementSource.java:31)
	at com.codeborne.selenide.impl.ElementFinder.createElementNotFoundError(ElementFinder.java:82)
	at com.codeborne.selenide.impl.WebElementSource.checkCondition(WebElementSource.java:59)
	at com.codeborne.selenide.commands.Should.should(Should.java:35)
	at com.codeborne.selenide.commands.Should.execute(Should.java:29)
	at com.codeborne.selenide.commands.Should.execute(Should.java:12)
	at com.codeborne.selenide.commands.Commands.execute(Commands.java:140)
	at com.codeborne.selenide.impl.SelenideElementProxy.dispatchAndRetry(SelenideElementProxy.java:86)
	at com.codeborne.selenide.impl.SelenideElementProxy.invoke(SelenideElementProxy.java:62)
	at com.sun.proxy.$Proxy2.waitUntil(Unknown Source)
	at com.kofile.search.psSmokeTest.AddDocumentToCart(psSmokeTest.java:102)
	at sun.reflect.NativeMethodAccessorImpl.invoke0(Native Method)
	at sun.reflect.NativeMethodAccessorImpl.invoke(NativeMethodAccessorImpl.java:62)
	at sun.reflect.DelegatingMethodAccessorImpl.invoke(DelegatingMethodAccessorImpl.java:43)
	at java.lang.reflect.Method.invoke(Method.java:498)
	at org.testng.internal.MethodInvocationHelper.invokeMethod(MethodInvocationHelper.java:104)
	at org.testng.internal.Invoker.invokeMethod(Invoker.java:645)
	at org.testng.internal.Invoker.invokeTestMethod(Invoker.java:851)
	at org.testng.internal.Invoker.invokeTestMethods(Invoker.java:1177)
	at org.testng.internal.TestMethodWorker.invokeTestMethods(TestMethodWorker.java:129)
	at org.testng.internal.TestMethodWorker.run(TestMethodWorker.java:112)
	at org.testng.TestRunner.privateRun(TestRunner.java:756)
	at org.testng.TestRunner.run(TestRunner.java:610)
	at org.testng.SuiteRunner.runTest(SuiteRunner.java:387)
	at org.testng.SuiteRunner.runSequentially(SuiteRunner.java:382)
	at org.testng.SuiteRunner.privateRun(SuiteRunner.java:340)
	at org.testng.SuiteRunner.run(SuiteRunner.java:289)
	at org.testng.SuiteRunnerWorker.runSuite(SuiteRunnerWorker.java:52)
	at org.testng.SuiteRunnerWorker.run(SuiteRunnerWorker.java:86)
	at org.testng.TestNG.runSuitesSequentially(TestNG.java:1293)
	at org.testng.TestNG.runSuitesLocally(TestNG.java:1218)
	at org.testng.TestNG.runSuites(TestNG.java:1133)
	at org.testng.TestNG.run(TestNG.java:1104)
	at org.apache.maven.surefire.testng.TestNGExecutor.run(TestNGExecutor.java:77)
	at org.apache.maven.surefire.testng.TestNGDirectoryTestSuite.execute(TestNGDirectoryTestSuite.java:110)
	at org.apache.maven.surefire.testng.TestNGProvider.invoke(TestNGProvider.java:106)
	at sun.reflect.NativeMethodAccessorImpl.invoke0(Native Method)
	at sun.reflect.NativeMethodAccessorImpl.invoke(NativeMethodAccessorImpl.java:62)
	at sun.reflect.DelegatingMethodAccessorImpl.invoke(DelegatingMethodAccessorImpl.java:43)
	at java.lang.reflect.Method.invoke(Method.java:498)
	at org.apache.maven.surefire.util.ReflectionUtils.invokeMethodWithArray(ReflectionUtils.java:189)
	at org.apache.maven.surefire.booter.ProviderFactory$ProviderProxy.invoke(ProviderFactory.java:165)
	at org.apache.maven.surefire.booter.ProviderFactory.invokeProvider(ProviderFactory.java:85)
	at org.apache.maven.surefire.booter.ForkedBooter.runSuitesInProcess(ForkedBooter.java:115)
	at org.apache.maven.surefire.booter.ForkedBooter.main(ForkedBooter.java:75)
Caused by: org.openqa.selenium.NoSuchElementException: Unable to locate element: {"method":"css selector","selector":"#results-table span"}
Command duration or timeout: 12 milliseconds
For documentation on this error, please visit: http://seleniumhq.org/exceptions/no_such_element.html
Build info: version: '3.0.1', revision: '1969d75', time: '2016-10-18 09:49:13 -0700'
System info: host: 'Pavlos-MacBook-Air.local', ip: '192.168.1.3', os.name: 'Mac OS X', os.arch: 'x86_64', os.version: '10.12.2', java.version: '1.8.0_111'
Driver info: org.openqa.selenium.firefox.FirefoxDriver
Capabilities [{applicationCacheEnabled=true, rotatable=false, pageLoadStrategy=normal, handlesAlerts=true, databaseEnabled=true, version=46.0, platform=MAC, nativeEvents=false, acceptSslCerts=true, webStorageEnabled=true, locationContextEnabled=true, browserName=firefox, takesScreenshot=true, javascriptEnabled=true, pageLoadingStrategy=normal, cssSelectorsEnabled=true}]
Session ID: 64e3b2f0-378a-e948-b651-088f3d88a25c
*** Element info: {Using=css selector, value=#results-table span}
	at sun.reflect.GeneratedConstructorAccessor10.newInstance(Unknown Source)
	at sun.reflect.DelegatingConstructorAccessorImpl.newInstance(DelegatingConstructorAccessorImpl.java:45)
	at java.lang.reflect.Constructor.newInstance(Constructor.java:423)
	at org.openqa.selenium.remote.ErrorHandler.createThrowable(ErrorHandler.java:216)
	at org.openqa.selenium.remote.ErrorHandler.throwIfResponseFailed(ErrorHandler.java:168)
	at org.openqa.selenium.remote.RemoteWebDriver.execute(RemoteWebDriver.java:635)
	at org.openqa.selenium.remote.RemoteWebDriver.findElement(RemoteWebDriver.java:368)
	at org.openqa.selenium.remote.RemoteWebDriver.findElementByCssSelector(RemoteWebDriver.java:465)
	at org.openqa.selenium.By$ByCssSelector.findElement(By.java:430)
	at org.openqa.selenium.remote.RemoteWebDriver.findElement(RemoteWebDriver.java:360)
	at com.codeborne.selenide.impl.WebElementSelector.findElement(WebElementSelector.java:28)
	at com.codeborne.selenide.impl.ElementFinder.getWebElement(ElementFinder.java:56)
	at com.codeborne.selenide.impl.WebElementSource.checkCondition(WebElementSource.java:44)
	... 42 more
Caused by: org.openqa.selenium.NoSuchElementException: Unable to locate element: {"method":"css selector","selector":"#results-table span"}
For documentation on this error, please visit: http://seleniumhq.org/exceptions/no_such_element.html
Build info: version: '3.0.1', revision: '1969d75', time: '2016-10-18 09:49:13 -0700'
System info: host: 'Pavlos-MacBook-Air.local', ip: '192.168.1.3', os.name: 'Mac OS X', os.arch: 'x86_64', os.version: '10.12.2', java.version: '1.8.0_111'
Driver info: driver.version: unknown
	at <anonymous class>.FirefoxDriver.prototype.findElementInternal_(file:///var/folders/bf/8fk4zrzn1zq1gh6zhtp9c4_r0000gn/T/anonymous4385556750404354996webdriver-profile/extensions/fxdriver@googlecode.com/components/driver-component.js:11187)
	at <anonymous class>.FirefoxDriver.prototype.findElement(file:///var/folders/bf/8fk4zrzn1zq1gh6zhtp9c4_r0000gn/T/anonymous4385556750404354996webdriver-profile/extensions/fxdriver@googlecode.com/components/driver-component.js:11196)
	at <anonymous class>.DelayedCommand.prototype.executeInternal_/h(file:///var/folders/bf/8fk4zrzn1zq1gh6zhtp9c4_r0000gn/T/anonymous4385556750404354996webdriver-profile/extensions/fxdriver@googlecode.com/components/command-processor.js:12705)
	at <anonymous class>.DelayedCommand.prototype.executeInternal_(file:///var/folders/bf/8fk4zrzn1zq1gh6zhtp9c4_r0000gn/T/anonymous4385556750404354996webdriver-profile/extensions/fxdriver@googlecode.com/components/command-processor.js:12710)
	at <anonymous class>.DelayedCommand.prototype.execute/<(file:///var/folders/bf/8fk4zrzn1zq1gh6zhtp9c4_r0000gn/T/anonymous4385556750404354996webdriver-profile/extensions/fxdriver@googlecode.com/components/command-processor.js:12652)
]]>
            </full-stacktrace>
          </exception> <!-- com.codeborne.selenide.ex.ElementNotFound -->
          <reporter-output>
          </reporter-output>
        </test-method> <!-- AddDocumentToCart -->
        <test-method status="PASS" signature="CheckPreviewPopup()[pri:9, instance:com.kofile.search.psSmokeTest@64616ca2]" name="CheckPreviewPopup" duration-ms="12190" started-at="2017-01-17T02:44:58Z" finished-at="2017-01-17T02:45:10Z">
          <reporter-output>
          </reporter-output>
        </test-method> <!-- CheckPreviewPopup -->
        <test-method status="PASS" signature="DownloadDocument()[pri:10, instance:com.kofile.search.psSmokeTest@64616ca2]" name="DownloadDocument" duration-ms="17073" started-at="2017-01-17T02:45:10Z" finished-at="2017-01-17T02:45:27Z">
          <reporter-output>
          </reporter-output>
        </test-method> <!-- DownloadDocument -->
        <test-method status="PASS" signature="EmailDocument()[pri:11, instance:com.kofile.search.psSmokeTest@64616ca2]" name="EmailDocument" duration-ms="14587" started-at="2017-01-17T02:45:27Z" finished-at="2017-01-17T02:45:42Z">
          <reporter-output>
          </reporter-output>
        </test-method> <!-- EmailDocument -->
        <test-method status="PASS" signature="Logout()[pri:12, instance:com.kofile.search.psSmokeTest@64616ca2]" name="Logout" duration-ms="2690" started-at="2017-01-17T02:45:42Z" finished-at="2017-01-17T02:45:44Z">
          <reporter-output>
          </reporter-output>
        </test-method> <!-- Logout -->
      </class> <!-- com.kofile.search.psSmokeTest -->
    </test> <!-- Command line test -->
  </suite> <!-- com.kofile.search.psSmokeTest -->
</testng-results>
